Analysis & Synthesis report for RelogioDigital
Thu Jun 22 10:06:11 2017
Quartus II Version 9.1 Build 350 03/24/2010 Service Pack 2 SJ Web Edition


---------------------
; Table of Contents ;
---------------------
  1. Legal Notice
  2. Analysis & Synthesis Summary
  3. Analysis & Synthesis Settings
  4. Parallel Compilation
  5. Analysis & Synthesis Source Files Read
  6. Analysis & Synthesis Resource Usage Summary
  7. Analysis & Synthesis Resource Utilization by Entity
  8. Registers Removed During Synthesis
  9. Removed Registers Triggering Further Register Optimizations
 10. General Register Statistics
 11. Inverted Register Statistics
 12. Multiplexer Restructuring Statistics (Restructuring Performed)
 13. Parameter Settings for Inferred Entity Instance: RELOGIO:inst|minutos:inst|lpm_divide:Div0
 14. Parameter Settings for Inferred Entity Instance: CRONOMETRO:inst12|minutosC:inst10|lpm_divide:Div0
 15. Parameter Settings for Inferred Entity Instance: RELOGIO:inst|horas:inst1|lpm_divide:Mod0
 16. Parameter Settings for Inferred Entity Instance: RELOGIO:inst|horas:inst1|lpm_divide:Div0
 17. Parameter Settings for Inferred Entity Instance: CRONOMETRO:inst12|minutosC:inst10|lpm_divide:Mod0
 18. Parameter Settings for Inferred Entity Instance: RELOGIO:inst|minutos:inst|lpm_divide:Mod0
 19. Analysis & Synthesis Messages
 20. Analysis & Synthesis Suppressed Messages



----------------
; Legal Notice ;
----------------
Copyright (C) 1991-2010 Altera Corporation
Your use of Altera Corporation's design tools, logic functions 
and other software and tools, and its AMPP partner logic 
functions, and any output files from any of the foregoing 
(including device programming or simulation files), and any 
associated documentation or information are expressly subject 
to the terms and conditions of the Altera Program License 
Subscription Agreement, Altera MegaCore Function License 
Agreement, or other applicable license agreement, including, 
without limitation, that your use is for the sole purpose of 
programming logic devices manufactured by Altera and sold by 
Altera or its authorized distributors.  Please refer to the 
applicable agreement for further details.



+-----------------------------------------------------------------------------------+
; Analysis & Synthesis Summary                                                      ;
+------------------------------------+----------------------------------------------+
; Analysis & Synthesis Status        ; Successful - Thu Jun 22 10:06:11 2017        ;
; Quartus II Version                 ; 9.1 Build 350 03/24/2010 SP 2 SJ Web Edition ;
; Revision Name                      ; RelogioDigital                               ;
; Top-level Entity Name              ; projeto                                      ;
; Family                             ; Cyclone IV E                                 ;
; Total logic elements               ; 1,321                                        ;
;     Total combinational functions  ; 1,317                                        ;
;     Dedicated logic registers      ; 680                                          ;
; Total registers                    ; 680                                          ;
; Total pins                         ; 73                                           ;
; Total virtual pins                 ; 0                                            ;
; Total memory bits                  ; 0                                            ;
; Embedded Multiplier 9-bit elements ; 0                                            ;
; Total PLLs                         ; 0                                            ;
+------------------------------------+----------------------------------------------+


+----------------------------------------------------------------------------------------------------------------------+
; Analysis & Synthesis Settings                                                                                        ;
+----------------------------------------------------------------------------+--------------------+--------------------+
; Option                                                                     ; Setting            ; Default Value      ;
+----------------------------------------------------------------------------+--------------------+--------------------+
; Device                                                                     ; EP4CE115F29C7      ;                    ;
; Top-level entity name                                                      ; projeto            ; RelogioDigital     ;
; Family name                                                                ; Cyclone IV E       ; Stratix II         ;
; Use Generated Physical Constraints File                                    ; Off                ;                    ;
; Use smart compilation                                                      ; Off                ; Off                ;
; Enable parallel Assembler and TimeQuest Timing Analyzer during compilation ; On                 ; On                 ;
; Enable compact report table                                                ; Off                ; Off                ;
; Restructure Multiplexers                                                   ; Auto               ; Auto               ;
; Create Debugging Nodes for IP Cores                                        ; Off                ; Off                ;
; Preserve fewer node names                                                  ; On                 ; On                 ;
; Disable OpenCore Plus hardware evaluation                                  ; Off                ; Off                ;
; Verilog Version                                                            ; Verilog_2001       ; Verilog_2001       ;
; VHDL Version                                                               ; VHDL_1993          ; VHDL_1993          ;
; State Machine Processing                                                   ; Auto               ; Auto               ;
; Safe State Machine                                                         ; Off                ; Off                ;
; Extract Verilog State Machines                                             ; On                 ; On                 ;
; Extract VHDL State Machines                                                ; On                 ; On                 ;
; Ignore Verilog initial constructs                                          ; Off                ; Off                ;
; Iteration limit for constant Verilog loops                                 ; 5000               ; 5000               ;
; Iteration limit for non-constant Verilog loops                             ; 250                ; 250                ;
; Add Pass-Through Logic to Inferred RAMs                                    ; On                 ; On                 ;
; Parallel Synthesis                                                         ; On                 ; On                 ;
; DSP Block Balancing                                                        ; Auto               ; Auto               ;
; NOT Gate Push-Back                                                         ; On                 ; On                 ;
; Power-Up Don't Care                                                        ; On                 ; On                 ;
; Remove Redundant Logic Cells                                               ; Off                ; Off                ;
; Remove Duplicate Registers                                                 ; On                 ; On                 ;
; Ignore CARRY Buffers                                                       ; Off                ; Off                ;
; Ignore CASCADE Buffers                                                     ; Off                ; Off                ;
; Ignore GLOBAL Buffers                                                      ; Off                ; Off                ;
; Ignore ROW GLOBAL Buffers                                                  ; Off                ; Off                ;
; Ignore LCELL Buffers                                                       ; Off                ; Off                ;
; Ignore SOFT Buffers                                                        ; On                 ; On                 ;
; Limit AHDL Integers to 32 Bits                                             ; Off                ; Off                ;
; Optimization Technique                                                     ; Balanced           ; Balanced           ;
; Carry Chain Length                                                         ; 70                 ; 70                 ;
; Auto Carry Chains                                                          ; On                 ; On                 ;
; Auto Open-Drain Pins                                                       ; On                 ; On                 ;
; Perform WYSIWYG Primitive Resynthesis                                      ; Off                ; Off                ;
; Auto ROM Replacement                                                       ; On                 ; On                 ;
; Auto RAM Replacement                                                       ; On                 ; On                 ;
; Auto DSP Block Replacement                                                 ; On                 ; On                 ;
; Auto Shift Register Replacement                                            ; Auto               ; Auto               ;
; Auto Clock Enable Replacement                                              ; On                 ; On                 ;
; Strict RAM Replacement                                                     ; Off                ; Off                ;
; Allow Synchronous Control Signals                                          ; On                 ; On                 ;
; Force Use of Synchronous Clear Signals                                     ; Off                ; Off                ;
; Auto RAM Block Balancing                                                   ; On                 ; On                 ;
; Auto RAM to Logic Cell Conversion                                          ; Off                ; Off                ;
; Auto Resource Sharing                                                      ; Off                ; Off                ;
; Allow Any RAM Size For Recognition                                         ; Off                ; Off                ;
; Allow Any ROM Size For Recognition                                         ; Off                ; Off                ;
; Allow Any Shift Register Size For Recognition                              ; Off                ; Off                ;
; Use LogicLock Constraints during Resource Balancing                        ; On                 ; On                 ;
; Ignore translate_off and synthesis_off directives                          ; Off                ; Off                ;
; Timing-Driven Synthesis                                                    ; On                 ; On                 ;
; Show Parameter Settings Tables in Synthesis Report                         ; On                 ; On                 ;
; Ignore Maximum Fan-Out Assignments                                         ; Off                ; Off                ;
; Synchronization Register Chain Length                                      ; 2                  ; 2                  ;
; PowerPlay Power Optimization                                               ; Normal compilation ; Normal compilation ;
; HDL message level                                                          ; Level2             ; Level2             ;
; Suppress Register Optimization Related Messages                            ; Off                ; Off                ;
; Number of Removed Registers Reported in Synthesis Report                   ; 5000               ; 5000               ;
; Number of Inverted Registers Reported in Synthesis Report                  ; 100                ; 100                ;
; Clock MUX Protection                                                       ; On                 ; On                 ;
; Auto Gated Clock Conversion                                                ; Off                ; Off                ;
; Block Design Naming                                                        ; Auto               ; Auto               ;
; SDC constraint protection                                                  ; Off                ; Off                ;
; Synthesis Effort                                                           ; Auto               ; Auto               ;
; Shift Register Replacement - Allow Asynchronous Clear Signal               ; On                 ; On                 ;
; Analysis & Synthesis Message Level                                         ; Medium             ; Medium             ;
; Disable Register Merging Across Hierarchies                                ; Auto               ; Auto               ;
; Resource Aware Inference For Block RAM                                     ; On                 ; On                 ;
+----------------------------------------------------------------------------+--------------------+--------------------+


Parallel compilation was disabled, but you have multiple processors available. Enable parallel compilation to reduce compilation time.
+-------------------------------------+
; Parallel Compilation                ;
+----------------------------+--------+
; Processors                 ; Number ;
+----------------------------+--------+
; Number detected on machine ; 4      ;
; Maximum allowed            ; 1      ;
+----------------------------+--------+


+-----------------------------------------------------------------------------------------------------------------------------------------------------------+
; Analysis & Synthesis Source Files Read                                                                                                                    ;
+----------------------------------+-----------------+------------------------------------+-----------------------------------------------------------------+
; File Name with User-Entered Path ; Used in Netlist ; File Type                          ; File Name with Absolute Path                                    ;
+----------------------------------+-----------------+------------------------------------+-----------------------------------------------------------------+
; projeto.bdf                      ; yes             ; User Block Diagram/Schematic File  ; C:/Users/mdo2/Desktop/RelogioDigital/projeto.bdf                ;
; ativador.v                       ; yes             ; User Verilog HDL File              ; C:/Users/mdo2/Desktop/RelogioDigital/ativador.v                 ;
; debouncing.v                     ; yes             ; User Verilog HDL File              ; C:/Users/mdo2/Desktop/RelogioDigital/debouncing.v               ;
; minutos.v                        ; yes             ; User Verilog HDL File              ; C:/Users/mdo2/Desktop/RelogioDigital/minutos.v                  ;
; segundos0.v                      ; yes             ; User Verilog HDL File              ; C:/Users/mdo2/Desktop/RelogioDigital/segundos0.v                ;
; segundos1e2.v                    ; yes             ; User Verilog HDL File              ; C:/Users/mdo2/Desktop/RelogioDigital/segundos1e2.v              ;
; segundos3.v                      ; yes             ; User Verilog HDL File              ; C:/Users/mdo2/Desktop/RelogioDigital/segundos3.v                ;
; horas.v                          ; yes             ; User Verilog HDL File              ; C:/Users/mdo2/Desktop/RelogioDigital/horas.v                    ;
; segundos0C.v                     ; yes             ; User Verilog HDL File              ; C:/Users/mdo2/Desktop/RelogioDigital/segundos0C.v               ;
; minutosC.v                       ; yes             ; User Verilog HDL File              ; C:/Users/mdo2/Desktop/RelogioDigital/minutosC.v                 ;
; horaC.v                          ; yes             ; User Verilog HDL File              ; C:/Users/mdo2/Desktop/RelogioDigital/horaC.v                    ;
; CRONOMETRO.bdf                   ; yes             ; User Block Diagram/Schematic File  ; C:/Users/mdo2/Desktop/RelogioDigital/CRONOMETRO.bdf             ;
; RELOGIO.bdf                      ; yes             ; User Block Diagram/Schematic File  ; C:/Users/mdo2/Desktop/RelogioDigital/RELOGIO.bdf                ;
; lpm_divide.tdf                   ; yes             ; Megafunction                       ; c:/altera/91sp2/quartus/libraries/megafunctions/lpm_divide.tdf  ;
; db/lpm_divide_hhm.tdf            ; yes             ; Auto-Generated Megafunction        ; C:/Users/mdo2/Desktop/RelogioDigital/db/lpm_divide_hhm.tdf      ;
; db/sign_div_unsign_9kh.tdf       ; yes             ; Auto-Generated Megafunction        ; C:/Users/mdo2/Desktop/RelogioDigital/db/sign_div_unsign_9kh.tdf ;
; db/alt_u_div_64f.tdf             ; yes             ; Auto-Generated Megafunction        ; C:/Users/mdo2/Desktop/RelogioDigital/db/alt_u_div_64f.tdf       ;
; db/add_sub_7pc.tdf               ; yes             ; Auto-Generated Megafunction        ; C:/Users/mdo2/Desktop/RelogioDigital/db/add_sub_7pc.tdf         ;
; db/add_sub_8pc.tdf               ; yes             ; Auto-Generated Megafunction        ; C:/Users/mdo2/Desktop/RelogioDigital/db/add_sub_8pc.tdf         ;
; db/lpm_divide_fhm.tdf            ; yes             ; Auto-Generated Megafunction        ; C:/Users/mdo2/Desktop/RelogioDigital/db/lpm_divide_fhm.tdf      ;
; db/sign_div_unsign_7kh.tdf       ; yes             ; Auto-Generated Megafunction        ; C:/Users/mdo2/Desktop/RelogioDigital/db/sign_div_unsign_7kh.tdf ;
; db/alt_u_div_24f.tdf             ; yes             ; Auto-Generated Megafunction        ; C:/Users/mdo2/Desktop/RelogioDigital/db/alt_u_div_24f.tdf       ;
; db/lpm_divide_k9m.tdf            ; yes             ; Auto-Generated Megafunction        ; C:/Users/mdo2/Desktop/RelogioDigital/db/lpm_divide_k9m.tdf      ;
; db/lpm_divide_i9m.tdf            ; yes             ; Auto-Generated Megafunction        ; C:/Users/mdo2/Desktop/RelogioDigital/db/lpm_divide_i9m.tdf      ;
+----------------------------------+-----------------+------------------------------------+-----------------------------------------------------------------+


+-----------------------------------------------------------+
; Analysis & Synthesis Resource Usage Summary               ;
+---------------------------------------------+-------------+
; Resource                                    ; Usage       ;
+---------------------------------------------+-------------+
; Estimated Total logic elements              ; 1,321       ;
;                                             ;             ;
; Total combinational functions               ; 1317        ;
; Logic element usage by number of LUT inputs ;             ;
;     -- 4 input functions                    ; 412         ;
;     -- 3 input functions                    ; 171         ;
;     -- <=2 input functions                  ; 734         ;
;                                             ;             ;
; Logic elements by mode                      ;             ;
;     -- normal mode                          ; 801         ;
;     -- arithmetic mode                      ; 516         ;
;                                             ;             ;
; Total registers                             ; 680         ;
;     -- Dedicated logic registers            ; 680         ;
;     -- I/O registers                        ; 0           ;
;                                             ;             ;
; I/O pins                                    ; 73          ;
; Maximum fan-out node                        ; CLOCK~input ;
; Maximum fan-out                             ; 680         ;
; Total fan-out                               ; 5235        ;
; Average fan-out                             ; 2.44        ;
+---------------------------------------------+-------------+


+----------------------------------------------------------------------------------------------------------------------------------------------------------------------------------------------------------------------------------------------------------------------------------------------------------------------+
; Analysis & Synthesis Resource Utilization by Entity                                                                                                                                                                                                                                                                  ;
+----------------------------------------------+-------------------+--------------+-------------+--------------+---------+-----------+------+--------------+--------------------------------------------------------------------------------------------------------------------------------------------+--------------+
; Compilation Hierarchy Node                   ; LC Combinationals ; LC Registers ; Memory Bits ; DSP Elements ; DSP 9x9 ; DSP 18x18 ; Pins ; Virtual Pins ; Full Hierarchy Name                                                                                                                        ; Library Name ;
+----------------------------------------------+-------------------+--------------+-------------+--------------+---------+-----------+------+--------------+--------------------------------------------------------------------------------------------------------------------------------------------+--------------+
; |projeto                                     ; 1317 (0)          ; 680 (0)      ; 0           ; 0            ; 0       ; 0         ; 73   ; 0            ; |projeto                                                                                                                                   ; work         ;
;    |CRONOMETRO:inst12|                       ; 329 (0)           ; 209 (0)      ; 0           ; 0            ; 0       ; 0         ; 0    ; 0            ; |projeto|CRONOMETRO:inst12                                                                                                                 ;              ;
;       |horaC:inst11|                         ; 0 (0)             ; 1 (1)        ; 0           ; 0            ; 0       ; 0         ; 0    ; 0            ; |projeto|CRONOMETRO:inst12|horaC:inst11                                                                                                    ;              ;
;       |minutosC:inst10|                      ; 73 (66)           ; 44 (44)      ; 0           ; 0            ; 0       ; 0         ; 0    ; 0            ; |projeto|CRONOMETRO:inst12|minutosC:inst10                                                                                                 ;              ;
;          |lpm_divide:Mod0|                   ; 7 (0)             ; 0 (0)        ; 0           ; 0            ; 0       ; 0         ; 0    ; 0            ; |projeto|CRONOMETRO:inst12|minutosC:inst10|lpm_divide:Mod0                                                                                 ;              ;
;             |lpm_divide_i9m:auto_generated|  ; 7 (0)             ; 0 (0)        ; 0           ; 0            ; 0       ; 0         ; 0    ; 0            ; |projeto|CRONOMETRO:inst12|minutosC:inst10|lpm_divide:Mod0|lpm_divide_i9m:auto_generated                                                   ;              ;
;                |sign_div_unsign_7kh:divider| ; 7 (0)             ; 0 (0)        ; 0           ; 0            ; 0       ; 0         ; 0    ; 0            ; |projeto|CRONOMETRO:inst12|minutosC:inst10|lpm_divide:Mod0|lpm_divide_i9m:auto_generated|sign_div_unsign_7kh:divider                       ;              ;
;                   |alt_u_div_24f:divider|    ; 7 (7)             ; 0 (0)        ; 0           ; 0            ; 0       ; 0         ; 0    ; 0            ; |projeto|CRONOMETRO:inst12|minutosC:inst10|lpm_divide:Mod0|lpm_divide_i9m:auto_generated|sign_div_unsign_7kh:divider|alt_u_div_24f:divider ;              ;
;       |segundos0C:inst5|                     ; 68 (68)           ; 33 (33)      ; 0           ; 0            ; 0       ; 0         ; 0    ; 0            ; |projeto|CRONOMETRO:inst12|segundos0C:inst5                                                                                                ;              ;
;       |segundos1e2:inst19|                   ; 63 (63)           ; 44 (44)      ; 0           ; 0            ; 0       ; 0         ; 0    ; 0            ; |projeto|CRONOMETRO:inst12|segundos1e2:inst19                                                                                              ;              ;
;       |segundos1e2:inst20|                   ; 63 (63)           ; 44 (44)      ; 0           ; 0            ; 0       ; 0         ; 0    ; 0            ; |projeto|CRONOMETRO:inst12|segundos1e2:inst20                                                                                              ;              ;
;       |segundos3:inst21|                     ; 62 (62)           ; 43 (43)      ; 0           ; 0            ; 0       ; 0         ; 0    ; 0            ; |projeto|CRONOMETRO:inst12|segundos3:inst21                                                                                                ;              ;
;    |RELOGIO:inst|                            ; 639 (0)           ; 283 (0)      ; 0           ; 0            ; 0       ; 0         ; 0    ; 0            ; |projeto|RELOGIO:inst                                                                                                                      ;              ;
;       |horas:inst1|                          ; 187 (124)         ; 53 (53)      ; 0           ; 0            ; 0       ; 0         ; 0    ; 0            ; |projeto|RELOGIO:inst|horas:inst1                                                                                                          ;              ;
;          |lpm_divide:Div0|                   ; 30 (0)            ; 0 (0)        ; 0           ; 0            ; 0       ; 0         ; 0    ; 0            ; |projeto|RELOGIO:inst|horas:inst1|lpm_divide:Div0                                                                                          ;              ;
;             |lpm_divide_hhm:auto_generated|  ; 30 (0)            ; 0 (0)        ; 0           ; 0            ; 0       ; 0         ; 0    ; 0            ; |projeto|RELOGIO:inst|horas:inst1|lpm_divide:Div0|lpm_divide_hhm:auto_generated                                                            ;              ;
;                |sign_div_unsign_9kh:divider| ; 30 (0)            ; 0 (0)        ; 0           ; 0            ; 0       ; 0         ; 0    ; 0            ; |projeto|RELOGIO:inst|horas:inst1|lpm_divide:Div0|lpm_divide_hhm:auto_generated|sign_div_unsign_9kh:divider                                ;              ;
;                   |alt_u_div_64f:divider|    ; 30 (30)           ; 0 (0)        ; 0           ; 0            ; 0       ; 0         ; 0    ; 0            ; |projeto|RELOGIO:inst|horas:inst1|lpm_divide:Div0|lpm_divide_hhm:auto_generated|sign_div_unsign_9kh:divider|alt_u_div_64f:divider          ;              ;
;          |lpm_divide:Mod0|                   ; 33 (0)            ; 0 (0)        ; 0           ; 0            ; 0       ; 0         ; 0    ; 0            ; |projeto|RELOGIO:inst|horas:inst1|lpm_divide:Mod0                                                                                          ;              ;
;             |lpm_divide_k9m:auto_generated|  ; 33 (0)            ; 0 (0)        ; 0           ; 0            ; 0       ; 0         ; 0    ; 0            ; |projeto|RELOGIO:inst|horas:inst1|lpm_divide:Mod0|lpm_divide_k9m:auto_generated                                                            ;              ;
;                |sign_div_unsign_9kh:divider| ; 33 (0)            ; 0 (0)        ; 0           ; 0            ; 0       ; 0         ; 0    ; 0            ; |projeto|RELOGIO:inst|horas:inst1|lpm_divide:Mod0|lpm_divide_k9m:auto_generated|sign_div_unsign_9kh:divider                                ;              ;
;                   |alt_u_div_64f:divider|    ; 33 (33)           ; 0 (0)        ; 0           ; 0            ; 0       ; 0         ; 0    ; 0            ; |projeto|RELOGIO:inst|horas:inst1|lpm_divide:Mod0|lpm_divide_k9m:auto_generated|sign_div_unsign_9kh:divider|alt_u_div_64f:divider          ;              ;
;       |minutos:inst|                         ; 190 (127)         ; 54 (54)      ; 0           ; 0            ; 0       ; 0         ; 0    ; 0            ; |projeto|RELOGIO:inst|minutos:inst                                                                                                         ;              ;
;          |lpm_divide:Div0|                   ; 30 (0)            ; 0 (0)        ; 0           ; 0            ; 0       ; 0         ; 0    ; 0            ; |projeto|RELOGIO:inst|minutos:inst|lpm_divide:Div0                                                                                         ;              ;
;             |lpm_divide_hhm:auto_generated|  ; 30 (0)            ; 0 (0)        ; 0           ; 0            ; 0       ; 0         ; 0    ; 0            ; |projeto|RELOGIO:inst|minutos:inst|lpm_divide:Div0|lpm_divide_hhm:auto_generated                                                           ;              ;
;                |sign_div_unsign_9kh:divider| ; 30 (0)            ; 0 (0)        ; 0           ; 0            ; 0       ; 0         ; 0    ; 0            ; |projeto|RELOGIO:inst|minutos:inst|lpm_divide:Div0|lpm_divide_hhm:auto_generated|sign_div_unsign_9kh:divider                               ;              ;
;                   |alt_u_div_64f:divider|    ; 30 (30)           ; 0 (0)        ; 0           ; 0            ; 0       ; 0         ; 0    ; 0            ; |projeto|RELOGIO:inst|minutos:inst|lpm_divide:Div0|lpm_divide_hhm:auto_generated|sign_div_unsign_9kh:divider|alt_u_div_64f:divider         ;              ;
;          |lpm_divide:Mod0|                   ; 33 (0)            ; 0 (0)        ; 0           ; 0            ; 0       ; 0         ; 0    ; 0            ; |projeto|RELOGIO:inst|minutos:inst|lpm_divide:Mod0                                                                                         ;              ;
;             |lpm_divide_k9m:auto_generated|  ; 33 (0)            ; 0 (0)        ; 0           ; 0            ; 0       ; 0         ; 0    ; 0            ; |projeto|RELOGIO:inst|minutos:inst|lpm_divide:Mod0|lpm_divide_k9m:auto_generated                                                           ;              ;
;                |sign_div_unsign_9kh:divider| ; 33 (0)            ; 0 (0)        ; 0           ; 0            ; 0       ; 0         ; 0    ; 0            ; |projeto|RELOGIO:inst|minutos:inst|lpm_divide:Mod0|lpm_divide_k9m:auto_generated|sign_div_unsign_9kh:divider                               ;              ;
;                   |alt_u_div_64f:divider|    ; 33 (33)           ; 0 (0)        ; 0           ; 0            ; 0       ; 0         ; 0    ; 0            ; |projeto|RELOGIO:inst|minutos:inst|lpm_divide:Mod0|lpm_divide_k9m:auto_generated|sign_div_unsign_9kh:divider|alt_u_div_64f:divider         ;              ;
;       |segundos0:inst14|                     ; 69 (69)           ; 44 (44)      ; 0           ; 0            ; 0       ; 0         ; 0    ; 0            ; |projeto|RELOGIO:inst|segundos0:inst14                                                                                                     ;              ;
;       |segundos1e2:inst16|                   ; 67 (67)           ; 44 (44)      ; 0           ; 0            ; 0       ; 0         ; 0    ; 0            ; |projeto|RELOGIO:inst|segundos1e2:inst16                                                                                                   ;              ;
;       |segundos1e2:inst17|                   ; 63 (63)           ; 44 (44)      ; 0           ; 0            ; 0       ; 0         ; 0    ; 0            ; |projeto|RELOGIO:inst|segundos1e2:inst17                                                                                                   ;              ;
;       |segundos3:inst18|                     ; 63 (63)           ; 44 (44)      ; 0           ; 0            ; 0       ; 0         ; 0    ; 0            ; |projeto|RELOGIO:inst|segundos3:inst18                                                                                                     ;              ;
;    |ativador:inst14|                         ; 53 (53)           ; 56 (56)      ; 0           ; 0            ; 0       ; 0         ; 0    ; 0            ; |projeto|ativador:inst14                                                                                                                   ;              ;
;    |debouncing:inst2|                        ; 74 (74)           ; 33 (33)      ; 0           ; 0            ; 0       ; 0         ; 0    ; 0            ; |projeto|debouncing:inst2                                                                                                                  ;              ;
;    |debouncing:inst3|                        ; 74 (74)           ; 33 (33)      ; 0           ; 0            ; 0       ; 0         ; 0    ; 0            ; |projeto|debouncing:inst3                                                                                                                  ;              ;
;    |debouncing:inst4|                        ; 74 (74)           ; 33 (33)      ; 0           ; 0            ; 0       ; 0         ; 0    ; 0            ; |projeto|debouncing:inst4                                                                                                                  ;              ;
;    |debouncing:inst6|                        ; 74 (74)           ; 33 (33)      ; 0           ; 0            ; 0       ; 0         ; 0    ; 0            ; |projeto|debouncing:inst6                                                                                                                  ;              ;
+----------------------------------------------+-------------------+--------------+-------------+--------------+---------+-----------+------+--------------+--------------------------------------------------------------------------------------------------------------------------------------------+--------------+
Note: For table entries with two numbers listed, the numbers in parentheses indicate the number of resources of the given type used by the specific entity alone. The numbers listed outside of parentheses indicate the total resources of the given type used by the specific entity and all of its sub-entities in the hierarchy.


+----------------------------------------------------------------------------------------------------------+
; Registers Removed During Synthesis                                                                       ;
+--------------------------------------------------+-------------------------------------------------------+
; Register name                                    ; Reason for Removal                                    ;
+--------------------------------------------------+-------------------------------------------------------+
; CRONOMETRO:inst12|minutosC:inst10|clockOUT       ; Stuck at GND due to stuck port data_in                ;
; debouncing:inst6|estado                          ; Lost fanout                                           ;
; debouncing:inst4|estado                          ; Lost fanout                                           ;
; debouncing:inst3|estado                          ; Lost fanout                                           ;
; debouncing:inst2|estado                          ; Lost fanout                                           ;
; CRONOMETRO:inst12|horaC:inst11|count[0..31]      ; Stuck at GND due to stuck port data_in                ;
; CRONOMETRO:inst12|segundos1e2:inst20|estado      ; Merged with CRONOMETRO:inst12|horaC:inst11|estado     ;
; CRONOMETRO:inst12|segundos0C:inst5|estado        ; Merged with CRONOMETRO:inst12|horaC:inst11|estado     ;
; CRONOMETRO:inst12|segundos1e2:inst19|estado      ; Merged with CRONOMETRO:inst12|horaC:inst11|estado     ;
; CRONOMETRO:inst12|minutosC:inst10|estado         ; Merged with CRONOMETRO:inst12|horaC:inst11|estado     ;
; CRONOMETRO:inst12|segundos3:inst21|estado        ; Merged with CRONOMETRO:inst12|horaC:inst11|estado     ;
; CRONOMETRO:inst12|horaC:inst11|segundo[1..3]     ; Merged with CRONOMETRO:inst12|horaC:inst11|segundo[0] ;
; RELOGIO:inst|segundos1e2:inst16|estado           ; Merged with RELOGIO:inst|segundos3:inst18|estado      ;
; RELOGIO:inst|segundos0:inst14|estado             ; Merged with RELOGIO:inst|segundos3:inst18|estado      ;
; RELOGIO:inst|segundos1e2:inst17|estado           ; Merged with RELOGIO:inst|segundos3:inst18|estado      ;
; CRONOMETRO:inst12|horaC:inst11|segundo[0]        ; Stuck at GND due to stuck port data_in                ;
; CRONOMETRO:inst12|minutosC:inst10|b1             ; Stuck at GND due to stuck port data_in                ;
; CRONOMETRO:inst12|minutosC:inst10|g1             ; Stuck at VCC due to stuck port data_in                ;
; CRONOMETRO:inst12|minutosC:inst10|c1             ; Stuck at GND due to stuck port data_in                ;
; CRONOMETRO:inst12|minutosC:inst10|a1             ; Merged with CRONOMETRO:inst12|minutosC:inst10|f1      ;
; CRONOMETRO:inst12|minutosC:inst10|d1             ; Merged with CRONOMETRO:inst12|minutosC:inst10|f1      ;
; CRONOMETRO:inst12|segundos3:inst21|a             ; Merged with CRONOMETRO:inst12|segundos3:inst21|d      ;
; RELOGIO:inst|segundos3:inst18|a                  ; Merged with RELOGIO:inst|segundos3:inst18|d           ;
; RELOGIO:inst|horas:inst1|d1                      ; Merged with RELOGIO:inst|horas:inst1|a1               ;
; RELOGIO:inst|minutos:inst|d1                     ; Merged with RELOGIO:inst|minutos:inst|a1              ;
; CRONOMETRO:inst12|horaC:inst11|e1                ; Stuck at GND due to stuck port data_in                ;
; CRONOMETRO:inst12|horaC:inst11|d1                ; Stuck at GND due to stuck port data_in                ;
; CRONOMETRO:inst12|horaC:inst11|c1                ; Stuck at GND due to stuck port data_in                ;
; CRONOMETRO:inst12|horaC:inst11|b1                ; Stuck at GND due to stuck port data_in                ;
; CRONOMETRO:inst12|horaC:inst11|a1                ; Stuck at GND due to stuck port data_in                ;
; CRONOMETRO:inst12|horaC:inst11|f1                ; Stuck at GND due to stuck port data_in                ;
; CRONOMETRO:inst12|horaC:inst11|g1                ; Stuck at VCC due to stuck port data_in                ;
; CRONOMETRO:inst12|horaC:inst11|g                 ; Stuck at VCC due to stuck port data_in                ;
; CRONOMETRO:inst12|horaC:inst11|f                 ; Stuck at GND due to stuck port data_in                ;
; CRONOMETRO:inst12|horaC:inst11|e                 ; Stuck at GND due to stuck port data_in                ;
; CRONOMETRO:inst12|horaC:inst11|d                 ; Stuck at GND due to stuck port data_in                ;
; CRONOMETRO:inst12|horaC:inst11|c                 ; Stuck at GND due to stuck port data_in                ;
; CRONOMETRO:inst12|horaC:inst11|b                 ; Stuck at GND due to stuck port data_in                ;
; CRONOMETRO:inst12|horaC:inst11|a                 ; Stuck at GND due to stuck port data_in                ;
; CRONOMETRO:inst12|segundos0C:inst5|count[25..31] ; Stuck at GND due to stuck port data_in                ;
; CRONOMETRO:inst12|minutosC:inst10|e1             ; Merged with CRONOMETRO:inst12|minutosC:inst10|f1      ;
; CRONOMETRO:inst12|segundos0C:inst5|count[19..24] ; Stuck at GND due to stuck port data_in                ;
; Total Number of Removed Registers = 86           ;                                                       ;
+--------------------------------------------------+-------------------------------------------------------+


+-----------------------------------------------------------------------------------------------------------------------------------------------+
; Removed Registers Triggering Further Register Optimizations                                                                                   ;
+-------------------------------------------+---------------------------+-----------------------------------------------------------------------+
; Register name                             ; Reason for Removal        ; Registers Removed due to This Register                                ;
+-------------------------------------------+---------------------------+-----------------------------------------------------------------------+
; CRONOMETRO:inst12|horaC:inst11|segundo[0] ; Stuck at GND              ; CRONOMETRO:inst12|horaC:inst11|e1, CRONOMETRO:inst12|horaC:inst11|d1, ;
;                                           ; due to stuck port data_in ; CRONOMETRO:inst12|horaC:inst11|c1, CRONOMETRO:inst12|horaC:inst11|b1, ;
;                                           ;                           ; CRONOMETRO:inst12|horaC:inst11|a1, CRONOMETRO:inst12|horaC:inst11|f1, ;
;                                           ;                           ; CRONOMETRO:inst12|horaC:inst11|g1, CRONOMETRO:inst12|horaC:inst11|g,  ;
;                                           ;                           ; CRONOMETRO:inst12|horaC:inst11|f, CRONOMETRO:inst12|horaC:inst11|e,   ;
;                                           ;                           ; CRONOMETRO:inst12|horaC:inst11|d, CRONOMETRO:inst12|horaC:inst11|c,   ;
;                                           ;                           ; CRONOMETRO:inst12|horaC:inst11|b, CRONOMETRO:inst12|horaC:inst11|a    ;
+-------------------------------------------+---------------------------+-----------------------------------------------------------------------+


+------------------------------------------------------+
; General Register Statistics                          ;
+----------------------------------------------+-------+
; Statistic                                    ; Value ;
+----------------------------------------------+-------+
; Total registers                              ; 680   ;
; Number of registers using Synchronous Clear  ; 8     ;
; Number of registers using Synchronous Load   ; 3     ;
; Number of registers using Asynchronous Clear ; 0     ;
; Number of registers using Asynchronous Load  ; 0     ;
; Number of registers using Clock Enable       ; 141   ;
; Number of registers using Preset             ; 0     ;
+----------------------------------------------+-------+


+----------------------------------------------------+
; Inverted Register Statistics                       ;
+------------------------------------------+---------+
; Inverted Register                        ; Fan out ;
+------------------------------------------+---------+
; RELOGIO:inst|horas:inst1|hora[3]         ; 10      ;
; RELOGIO:inst|horas:inst1|hora[2]         ; 8       ;
; RELOGIO:inst|horas:inst1|hora[1]         ; 8       ;
; RELOGIO:inst|horas:inst1|hora[0]         ; 9       ;
; CRONOMETRO:inst12|segundos0C:inst5|jafoi ; 1       ;
; Total number of inverted registers = 5   ;         ;
+------------------------------------------+---------+


+-----------------------------------------------------------------------------------------------------------------------------------------------------------------------+
; Multiplexer Restructuring Statistics (Restructuring Performed)                                                                                                        ;
+--------------------+-----------+---------------+----------------------+------------------------+------------+---------------------------------------------------------+
; Multiplexer Inputs ; Bus Width ; Baseline Area ; Area if Restructured ; Saving if Restructured ; Registered ; Example Multiplexer Output                              ;
+--------------------+-----------+---------------+----------------------+------------------------+------------+---------------------------------------------------------+
; 3:1                ; 32 bits   ; 64 LEs        ; 32 LEs               ; 32 LEs                 ; Yes        ; |projeto|CRONOMETRO:inst12|minutosC:inst10|count[9]     ;
; 3:1                ; 32 bits   ; 64 LEs        ; 32 LEs               ; 32 LEs                 ; Yes        ; |projeto|CRONOMETRO:inst12|segundos1e2:inst19|count[15] ;
; 3:1                ; 32 bits   ; 64 LEs        ; 32 LEs               ; 32 LEs                 ; Yes        ; |projeto|RELOGIO:inst|segundos1e2:inst16|count[9]       ;
; 3:1                ; 32 bits   ; 64 LEs        ; 32 LEs               ; 32 LEs                 ; Yes        ; |projeto|CRONOMETRO:inst12|segundos1e2:inst20|count[29] ;
; 3:1                ; 32 bits   ; 64 LEs        ; 32 LEs               ; 32 LEs                 ; Yes        ; |projeto|RELOGIO:inst|segundos1e2:inst17|count[14]      ;
; 3:1                ; 32 bits   ; 64 LEs        ; 32 LEs               ; 32 LEs                 ; Yes        ; |projeto|CRONOMETRO:inst12|segundos3:inst21|count[1]    ;
; 3:1                ; 32 bits   ; 64 LEs        ; 32 LEs               ; 32 LEs                 ; Yes        ; |projeto|RELOGIO:inst|segundos3:inst18|count[15]        ;
; 3:1                ; 32 bits   ; 64 LEs        ; 32 LEs               ; 32 LEs                 ; Yes        ; |projeto|RELOGIO:inst|minutos:inst|count[22]            ;
; 3:1                ; 32 bits   ; 64 LEs        ; 32 LEs               ; 32 LEs                 ; Yes        ; |projeto|RELOGIO:inst|horas:inst1|count[16]             ;
; 16:1               ; 2 bits    ; 20 LEs        ; 12 LEs               ; 8 LEs                  ; Yes        ; |projeto|CRONOMETRO:inst12|minutosC:inst10|f1           ;
; 16:1               ; 7 bits    ; 70 LEs        ; 42 LEs               ; 28 LEs                 ; Yes        ; |projeto|RELOGIO:inst|horas:inst1|c                     ;
; 16:1               ; 7 bits    ; 70 LEs        ; 42 LEs               ; 28 LEs                 ; Yes        ; |projeto|CRONOMETRO:inst12|segundos0C:inst5|b           ;
; 16:1               ; 7 bits    ; 70 LEs        ; 42 LEs               ; 28 LEs                 ; Yes        ; |projeto|RELOGIO:inst|segundos0:inst14|g                ;
; 16:1               ; 7 bits    ; 70 LEs        ; 42 LEs               ; 28 LEs                 ; Yes        ; |projeto|CRONOMETRO:inst12|segundos1e2:inst19|a         ;
; 16:1               ; 7 bits    ; 70 LEs        ; 42 LEs               ; 28 LEs                 ; Yes        ; |projeto|RELOGIO:inst|segundos1e2:inst16|a              ;
; 16:1               ; 7 bits    ; 70 LEs        ; 42 LEs               ; 28 LEs                 ; Yes        ; |projeto|CRONOMETRO:inst12|segundos1e2:inst20|g         ;
; 16:1               ; 7 bits    ; 70 LEs        ; 42 LEs               ; 28 LEs                 ; Yes        ; |projeto|RELOGIO:inst|segundos1e2:inst17|g              ;
; 16:1               ; 6 bits    ; 60 LEs        ; 24 LEs               ; 36 LEs                 ; Yes        ; |projeto|CRONOMETRO:inst12|segundos3:inst21|e           ;
; 16:1               ; 6 bits    ; 60 LEs        ; 24 LEs               ; 36 LEs                 ; Yes        ; |projeto|RELOGIO:inst|segundos3:inst18|c                ;
; 16:1               ; 7 bits    ; 70 LEs        ; 42 LEs               ; 28 LEs                 ; Yes        ; |projeto|CRONOMETRO:inst12|minutosC:inst10|c            ;
; 16:1               ; 7 bits    ; 70 LEs        ; 42 LEs               ; 28 LEs                 ; Yes        ; |projeto|RELOGIO:inst|minutos:inst|c                    ;
; 64:1               ; 6 bits    ; 252 LEs       ; 36 LEs               ; 216 LEs                ; Yes        ; |projeto|RELOGIO:inst|minutos:inst|e1                   ;
; 64:1               ; 6 bits    ; 252 LEs       ; 36 LEs               ; 216 LEs                ; Yes        ; |projeto|RELOGIO:inst|horas:inst1|g1                    ;
; 8:1                ; 6 bits    ; 30 LEs        ; 12 LEs               ; 18 LEs                 ; Yes        ; |projeto|RELOGIO:inst|minutos:inst|minuto[1]            ;
; 8:1                ; 2 bits    ; 10 LEs        ; 4 LEs                ; 6 LEs                  ; Yes        ; |projeto|RELOGIO:inst|horas:inst1|hora[5]               ;
; 8:1                ; 4 bits    ; 20 LEs        ; 8 LEs                ; 12 LEs                 ; Yes        ; |projeto|RELOGIO:inst|horas:inst1|hora[3]               ;
; 3:1                ; 4 bits    ; 8 LEs         ; 4 LEs                ; 4 LEs                  ; No         ; |projeto|RELOGIO:inst|segundos0:inst14|segundo          ;
; 3:1                ; 4 bits    ; 8 LEs         ; 4 LEs                ; 4 LEs                  ; No         ; |projeto|CRONOMETRO:inst12|segundos1e2:inst19|segundo   ;
; 3:1                ; 4 bits    ; 8 LEs         ; 4 LEs                ; 4 LEs                  ; No         ; |projeto|RELOGIO:inst|segundos1e2:inst16|segundo        ;
; 3:1                ; 4 bits    ; 8 LEs         ; 4 LEs                ; 4 LEs                  ; No         ; |projeto|CRONOMETRO:inst12|segundos1e2:inst20|segundo   ;
; 3:1                ; 4 bits    ; 8 LEs         ; 4 LEs                ; 4 LEs                  ; No         ; |projeto|RELOGIO:inst|segundos1e2:inst17|segundo        ;
; 3:1                ; 4 bits    ; 8 LEs         ; 4 LEs                ; 4 LEs                  ; No         ; |projeto|CRONOMETRO:inst12|segundos3:inst21|segundo     ;
; 3:1                ; 4 bits    ; 8 LEs         ; 4 LEs                ; 4 LEs                  ; No         ; |projeto|RELOGIO:inst|segundos3:inst18|segundo          ;
; 4:1                ; 4 bits    ; 8 LEs         ; 8 LEs                ; 0 LEs                  ; No         ; |projeto|CRONOMETRO:inst12|segundos0C:inst5|segundo     ;
+--------------------+-----------+---------------+----------------------+------------------------+------------+---------------------------------------------------------+


+--------------------------------------------------------------------------------------------+
; Parameter Settings for Inferred Entity Instance: RELOGIO:inst|minutos:inst|lpm_divide:Div0 ;
+------------------------+----------------+--------------------------------------------------+
; Parameter Name         ; Value          ; Type                                             ;
+------------------------+----------------+--------------------------------------------------+
; LPM_WIDTHN             ; 6              ; Untyped                                          ;
; LPM_WIDTHD             ; 4              ; Untyped                                          ;
; LPM_NREPRESENTATION    ; UNSIGNED       ; Untyped                                          ;
; LPM_DREPRESENTATION    ; UNSIGNED       ; Untyped                                          ;
; LPM_PIPELINE           ; 0              ; Untyped                                          ;
; LPM_REMAINDERPOSITIVE  ; TRUE           ; Untyped                                          ;
; MAXIMIZE_SPEED         ; 5              ; Untyped                                          ;
; CBXI_PARAMETER         ; lpm_divide_hhm ; Untyped                                          ;
; CARRY_CHAIN            ; MANUAL         ; Untyped                                          ;
; OPTIMIZE_FOR_SPEED     ; 5              ; Untyped                                          ;
; AUTO_CARRY_CHAINS      ; ON             ; AUTO_CARRY                                       ;
; IGNORE_CARRY_BUFFERS   ; OFF            ; IGNORE_CARRY                                     ;
; AUTO_CASCADE_CHAINS    ; ON             ; AUTO_CASCADE                                     ;
; IGNORE_CASCADE_BUFFERS ; OFF            ; IGNORE_CASCADE                                   ;
+------------------------+----------------+--------------------------------------------------+
Note: In order to hide this table in the UI and the text report file, please set the "Show Parameter Settings Tables in Synthesis Report" option in "Analysis and Synthesis Settings -> More Settings" to "Off".


+----------------------------------------------------------------------------------------------------+
; Parameter Settings for Inferred Entity Instance: CRONOMETRO:inst12|minutosC:inst10|lpm_divide:Div0 ;
+------------------------+----------------+----------------------------------------------------------+
; Parameter Name         ; Value          ; Type                                                     ;
+------------------------+----------------+----------------------------------------------------------+
; LPM_WIDTHN             ; 4              ; Untyped                                                  ;
; LPM_WIDTHD             ; 4              ; Untyped                                                  ;
; LPM_NREPRESENTATION    ; UNSIGNED       ; Untyped                                                  ;
; LPM_DREPRESENTATION    ; UNSIGNED       ; Untyped                                                  ;
; LPM_PIPELINE           ; 0              ; Untyped                                                  ;
; LPM_REMAINDERPOSITIVE  ; TRUE           ; Untyped                                                  ;
; MAXIMIZE_SPEED         ; 5              ; Untyped                                                  ;
; CBXI_PARAMETER         ; lpm_divide_fhm ; Untyped                                                  ;
; CARRY_CHAIN            ; MANUAL         ; Untyped                                                  ;
; OPTIMIZE_FOR_SPEED     ; 5              ; Untyped                                                  ;
; AUTO_CARRY_CHAINS      ; ON             ; AUTO_CARRY                                               ;
; IGNORE_CARRY_BUFFERS   ; OFF            ; IGNORE_CARRY                                             ;
; AUTO_CASCADE_CHAINS    ; ON             ; AUTO_CASCADE                                             ;
; IGNORE_CASCADE_BUFFERS ; OFF            ; IGNORE_CASCADE                                           ;
+------------------------+----------------+----------------------------------------------------------+
Note: In order to hide this table in the UI and the text report file, please set the "Show Parameter Settings Tables in Synthesis Report" option in "Analysis and Synthesis Settings -> More Settings" to "Off".


+-------------------------------------------------------------------------------------------+
; Parameter Settings for Inferred Entity Instance: RELOGIO:inst|horas:inst1|lpm_divide:Mod0 ;
+------------------------+----------------+-------------------------------------------------+
; Parameter Name         ; Value          ; Type                                            ;
+------------------------+----------------+-------------------------------------------------+
; LPM_WIDTHN             ; 6              ; Untyped                                         ;
; LPM_WIDTHD             ; 4              ; Untyped                                         ;
; LPM_NREPRESENTATION    ; UNSIGNED       ; Untyped                                         ;
; LPM_DREPRESENTATION    ; UNSIGNED       ; Untyped                                         ;
; LPM_PIPELINE           ; 0              ; Untyped                                         ;
; LPM_REMAINDERPOSITIVE  ; TRUE           ; Untyped                                         ;
; MAXIMIZE_SPEED         ; 5              ; Untyped                                         ;
; CBXI_PARAMETER         ; lpm_divide_k9m ; Untyped                                         ;
; CARRY_CHAIN            ; MANUAL         ; Untyped                                         ;
; OPTIMIZE_FOR_SPEED     ; 5              ; Untyped                                         ;
; AUTO_CARRY_CHAINS      ; ON             ; AUTO_CARRY                                      ;
; IGNORE_CARRY_BUFFERS   ; OFF            ; IGNORE_CARRY                                    ;
; AUTO_CASCADE_CHAINS    ; ON             ; AUTO_CASCADE                                    ;
; IGNORE_CASCADE_BUFFERS ; OFF            ; IGNORE_CASCADE                                  ;
+------------------------+----------------+-------------------------------------------------+
Note: In order to hide this table in the UI and the text report file, please set the "Show Parameter Settings Tables in Synthesis Report" option in "Analysis and Synthesis Settings -> More Settings" to "Off".


+-------------------------------------------------------------------------------------------+
; Parameter Settings for Inferred Entity Instance: RELOGIO:inst|horas:inst1|lpm_divide:Div0 ;
+------------------------+----------------+-------------------------------------------------+
; Parameter Name         ; Value          ; Type                                            ;
+------------------------+----------------+-------------------------------------------------+
; LPM_WIDTHN             ; 6              ; Untyped                                         ;
; LPM_WIDTHD             ; 4              ; Untyped                                         ;
; LPM_NREPRESENTATION    ; UNSIGNED       ; Untyped                                         ;
; LPM_DREPRESENTATION    ; UNSIGNED       ; Untyped                                         ;
; LPM_PIPELINE           ; 0              ; Untyped                                         ;
; LPM_REMAINDERPOSITIVE  ; TRUE           ; Untyped                                         ;
; MAXIMIZE_SPEED         ; 5              ; Untyped                                         ;
; CBXI_PARAMETER         ; lpm_divide_hhm ; Untyped                                         ;
; CARRY_CHAIN            ; MANUAL         ; Untyped                                         ;
; OPTIMIZE_FOR_SPEED     ; 5              ; Untyped                                         ;
; AUTO_CARRY_CHAINS      ; ON             ; AUTO_CARRY                                      ;
; IGNORE_CARRY_BUFFERS   ; OFF            ; IGNORE_CARRY                                    ;
; AUTO_CASCADE_CHAINS    ; ON             ; AUTO_CASCADE                                    ;
; IGNORE_CASCADE_BUFFERS ; OFF            ; IGNORE_CASCADE                                  ;
+------------------------+----------------+-------------------------------------------------+
Note: In order to hide this table in the UI and the text report file, please set the "Show Parameter Settings Tables in Synthesis Report" option in "Analysis and Synthesis Settings -> More Settings" to "Off".


+----------------------------------------------------------------------------------------------------+
; Parameter Settings for Inferred Entity Instance: CRONOMETRO:inst12|minutosC:inst10|lpm_divide:Mod0 ;
+------------------------+----------------+----------------------------------------------------------+
; Parameter Name         ; Value          ; Type                                                     ;
+------------------------+----------------+----------------------------------------------------------+
; LPM_WIDTHN             ; 4              ; Untyped                                                  ;
; LPM_WIDTHD             ; 4              ; Untyped                                                  ;
; LPM_NREPRESENTATION    ; UNSIGNED       ; Untyped                                                  ;
; LPM_DREPRESENTATION    ; UNSIGNED       ; Untyped                                                  ;
; LPM_PIPELINE           ; 0              ; Untyped                                                  ;
; LPM_REMAINDERPOSITIVE  ; TRUE           ; Untyped                                                  ;
; MAXIMIZE_SPEED         ; 5              ; Untyped                                                  ;
; CBXI_PARAMETER         ; lpm_divide_i9m ; Untyped                                                  ;
; CARRY_CHAIN            ; MANUAL         ; Untyped                                                  ;
; OPTIMIZE_FOR_SPEED     ; 5              ; Untyped                                                  ;
; AUTO_CARRY_CHAINS      ; ON             ; AUTO_CARRY                                               ;
; IGNORE_CARRY_BUFFERS   ; OFF            ; IGNORE_CARRY                                             ;
; AUTO_CASCADE_CHAINS    ; ON             ; AUTO_CASCADE                                             ;
; IGNORE_CASCADE_BUFFERS ; OFF            ; IGNORE_CASCADE                                           ;
+------------------------+----------------+----------------------------------------------------------+
Note: In order to hide this table in the UI and the text report file, please set the "Show Parameter Settings Tables in Synthesis Report" option in "Analysis and Synthesis Settings -> More Settings" to "Off".


+--------------------------------------------------------------------------------------------+
; Parameter Settings for Inferred Entity Instance: RELOGIO:inst|minutos:inst|lpm_divide:Mod0 ;
+------------------------+----------------+--------------------------------------------------+
; Parameter Name         ; Value          ; Type                                             ;
+------------------------+----------------+--------------------------------------------------+
; LPM_WIDTHN             ; 6              ; Untyped                                          ;
; LPM_WIDTHD             ; 4              ; Untyped                                          ;
; LPM_NREPRESENTATION    ; UNSIGNED       ; Untyped                                          ;
; LPM_DREPRESENTATION    ; UNSIGNED       ; Untyped                                          ;
; LPM_PIPELINE           ; 0              ; Untyped                                          ;
; LPM_REMAINDERPOSITIVE  ; TRUE           ; Untyped                                          ;
; MAXIMIZE_SPEED         ; 5              ; Untyped                                          ;
; CBXI_PARAMETER         ; lpm_divide_k9m ; Untyped                                          ;
; CARRY_CHAIN            ; MANUAL         ; Untyped                                          ;
; OPTIMIZE_FOR_SPEED     ; 5              ; Untyped                                          ;
; AUTO_CARRY_CHAINS      ; ON             ; AUTO_CARRY                                       ;
; IGNORE_CARRY_BUFFERS   ; OFF            ; IGNORE_CARRY                                     ;
; AUTO_CASCADE_CHAINS    ; ON             ; AUTO_CASCADE                                     ;
; IGNORE_CASCADE_BUFFERS ; OFF            ; IGNORE_CASCADE                                   ;
+------------------------+----------------+--------------------------------------------------+
Note: In order to hide this table in the UI and the text report file, please set the "Show Parameter Settings Tables in Synthesis Report" option in "Analysis and Synthesis Settings -> More Settings" to "Off".


+-------------------------------+
; Analysis & Synthesis Messages ;
+-------------------------------+
Info: *******************************************************************
Info: Running Quartus II Analysis & Synthesis
    Info: Version 9.1 Build 350 03/24/2010 Service Pack 2 SJ Web Edition
    Info: Processing started: Thu Jun 22 10:06:06 2017
Info: Command: quartus_map --read_settings_files=on --write_settings_files=off RelogioDigital -c RelogioDigital
Info: Found 1 design units, including 1 entities, in source file relogiodigital.v
    Info: Found entity 1: RelogioDigital
Info: Found 1 design units, including 1 entities, in source file miliseconds.v
    Info: Found entity 1: miliseconds
Info: Found 1 design units, including 1 entities, in source file digit0to5.v
    Info: Found entity 1: digit0to5
Info: Found 1 design units, including 1 entities, in source file digit0to9.v
    Info: Found entity 1: digit0to9
Info: Found 1 design units, including 1 entities, in source file projeto.bdf
    Info: Found entity 1: projeto
Info: Found 1 design units, including 1 entities, in source file segundos.bdf
    Info: Found entity 1: SEGUNDOS
Info: Found 1 design units, including 1 entities, in source file ativador.v
    Info: Found entity 1: ativador
Info: Found 1 design units, including 1 entities, in source file debouncing.v
    Info: Found entity 1: debouncing
Info: Found 1 design units, including 1 entities, in source file minutos.v
    Info: Found entity 1: minutos
Info: Found 1 design units, including 1 entities, in source file decodificador.v
    Info: Found entity 1: decodificador
Info: Found 1 design units, including 1 entities, in source file segundos0.v
    Info: Found entity 1: segundos0
Info: Found 1 design units, including 1 entities, in source file segundos1e2.v
    Info: Found entity 1: segundos1e2
Info: Found 1 design units, including 1 entities, in source file segundos3.v
    Info: Found entity 1: segundos3
Info: Found 1 design units, including 1 entities, in source file horas.v
    Info: Found entity 1: horas
Info: Found 1 design units, including 1 entities, in source file segundos0c.v
    Info: Found entity 1: segundos0C
Info: Found 1 design units, including 1 entities, in source file minutosc.v
    Info: Found entity 1: minutosC
Warning (10238): Verilog Module Declaration warning at horaC.v(1): ignored anonymous port(s) indicated by duplicate or dangling comma(s) in the port list for module "horaC"
Info: Found 1 design units, including 1 entities, in source file horac.v
    Info: Found entity 1: horaC
Info: Found 1 design units, including 1 entities, in source file cronometro.bdf
    Info: Found entity 1: CRONOMETRO
Info: Found 1 design units, including 1 entities, in source file relogio.bdf
    Info: Found entity 1: RELOGIO
Info: Elaborating entity "projeto" for the top level hierarchy
Info: Elaborating entity "debouncing" for hierarchy "debouncing:inst2"
Info: Elaborating entity "ativador" for hierarchy "ativador:inst14"
Info: Elaborating entity "RELOGIO" for hierarchy "RELOGIO:inst"
Info: Elaborating entity "segundos0" for hierarchy "RELOGIO:inst|segundos0:inst14"
Warning (10230): Verilog HDL assignment warning at segundos0.v(24): truncated value with size 32 to match size of target (4)
Info: Elaborating entity "segundos1e2" for hierarchy "RELOGIO:inst|segundos1e2:inst16"
Warning (10230): Verilog HDL assignment warning at segundos1e2.v(30): truncated value with size 32 to match size of target (4)
Info: Elaborating entity "segundos3" for hierarchy "RELOGIO:inst|segundos3:inst18"
Warning (10230): Verilog HDL assignment warning at segundos3.v(30): truncated value with size 32 to match size of target (4)
Info: Elaborating entity "minutos" for hierarchy "RELOGIO:inst|minutos:inst"
Warning (10230): Verilog HDL assignment warning at minutos.v(26): truncated value with size 32 to match size of target (6)
Warning (10230): Verilog HDL assignment warning at minutos.v(43): truncated value with size 32 to match size of target (6)
Warning (10230): Verilog HDL assignment warning at minutos.v(50): truncated value with size 32 to match size of target (6)
Info: Elaborating entity "horas" for hierarchy "RELOGIO:inst|horas:inst1"
Warning (10230): Verilog HDL assignment warning at horas.v(26): truncated value with size 32 to match size of target (6)
Warning (10230): Verilog HDL assignment warning at horas.v(43): truncated value with size 32 to match size of target (6)
Warning (10230): Verilog HDL assignment warning at horas.v(50): truncated value with size 32 to match size of target (6)
Info: Elaborating entity "CRONOMETRO" for hierarchy "CRONOMETRO:inst12"
Info: Elaborating entity "segundos0C" for hierarchy "CRONOMETRO:inst12|segundos0C:inst5"
Warning (10230): Verilog HDL assignment warning at segundos0C.v(36): truncated value with size 32 to match size of target (4)
Info: Elaborating entity "minutosC" for hierarchy "CRONOMETRO:inst12|minutosC:inst10"
Warning (10230): Verilog HDL assignment warning at minutosC.v(28): truncated value with size 32 to match size of target (4)
Info: Elaborating entity "horaC" for hierarchy "CRONOMETRO:inst12|horaC:inst11"
Warning (10230): Verilog HDL assignment warning at horaC.v(28): truncated value with size 32 to match size of target (4)
Info: Inferred 6 megafunctions from design logic
    Info: Inferred divider/modulo megafunction ("lpm_divide") from the following logic: "RELOGIO:inst|minutos:inst|Div0"
    Info: Inferred divider/modulo megafunction ("lpm_divide") from the following logic: "CRONOMETRO:inst12|minutosC:inst10|Div0"
    Info: Inferred divider/modulo megafunction ("lpm_divide") from the following logic: "RELOGIO:inst|horas:inst1|Mod0"
    Info: Inferred divider/modulo megafunction ("lpm_divide") from the following logic: "RELOGIO:inst|horas:inst1|Div0"
    Info: Inferred divider/modulo megafunction ("lpm_divide") from the following logic: "CRONOMETRO:inst12|minutosC:inst10|Mod0"
    Info: Inferred divider/modulo megafunction ("lpm_divide") from the following logic: "RELOGIO:inst|minutos:inst|Mod0"
Info: Elaborated megafunction instantiation "RELOGIO:inst|minutos:inst|lpm_divide:Div0"
Info: Instantiated megafunction "RELOGIO:inst|minutos:inst|lpm_divide:Div0" with the following parameter:
    Info: Parameter "LPM_WIDTHN" = "6"
    Info: Parameter "LPM_WIDTHD" = "4"
    Info: Parameter "LPM_NREPRESENTATION" = "UNSIGNED"
    Info: Parameter "LPM_DREPRESENTATION" = "UNSIGNED"
Info: Found 1 design units, including 1 entities, in source file db/lpm_divide_hhm.tdf
    Info: Found entity 1: lpm_divide_hhm
Info: Found 1 design units, including 1 entities, in source file db/sign_div_unsign_9kh.tdf
    Info: Found entity 1: sign_div_unsign_9kh
Info: Found 1 design units, including 1 entities, in source file db/alt_u_div_64f.tdf
    Info: Found entity 1: alt_u_div_64f
Info: Found 1 design units, including 1 entities, in source file db/add_sub_7pc.tdf
    Info: Found entity 1: add_sub_7pc
Info: Found 1 design units, including 1 entities, in source file db/add_sub_8pc.tdf
    Info: Found entity 1: add_sub_8pc
Info: Elaborated megafunction instantiation "CRONOMETRO:inst12|minutosC:inst10|lpm_divide:Div0"
Info: Instantiated megafunction "CRONOMETRO:inst12|minutosC:inst10|lpm_divide:Div0" with the following parameter:
    Info: Parameter "LPM_WIDTHN" = "4"
    Info: Parameter "LPM_WIDTHD" = "4"
    Info: Parameter "LPM_NREPRESENTATION" = "UNSIGNED"
    Info: Parameter "LPM_DREPRESENTATION" = "UNSIGNED"
Info: Found 1 design units, including 1 entities, in source file db/lpm_divide_fhm.tdf
    Info: Found entity 1: lpm_divide_fhm
Info: Found 1 design units, including 1 entities, in source file db/sign_div_unsign_7kh.tdf
    Info: Found entity 1: sign_div_unsign_7kh
Info: Found 1 design units, including 1 entities, in source file db/alt_u_div_24f.tdf
    Info: Found entity 1: alt_u_div_24f
Info: Elaborated megafunction instantiation "RELOGIO:inst|horas:inst1|lpm_divide:Mod0"
Info: Instantiated megafunction "RELOGIO:inst|horas:inst1|lpm_divide:Mod0" with the following parameter:
    Info: Parameter "LPM_WIDTHN" = "6"
    Info: Parameter "LPM_WIDTHD" = "4"
    Info: Parameter "LPM_NREPRESENTATION" = "UNSIGNED"
    Info: Parameter "LPM_DREPRESENTATION" = "UNSIGNED"
Info: Found 1 design units, including 1 entities, in source file db/lpm_divide_k9m.tdf
    Info: Found entity 1: lpm_divide_k9m
Info: Elaborated megafunction instantiation "CRONOMETRO:inst12|minutosC:inst10|lpm_divide:Mod0"
Info: Instantiated megafunction "CRONOMETRO:inst12|minutosC:inst10|lpm_divide:Mod0" with the following parameter:
    Info: Parameter "LPM_WIDTHN" = "4"
    Info: Parameter "LPM_WIDTHD" = "4"
    Info: Parameter "LPM_NREPRESENTATION" = "UNSIGNED"
    Info: Parameter "LPM_DREPRESENTATION" = "UNSIGNED"
Info: Found 1 design units, including 1 entities, in source file db/lpm_divide_i9m.tdf
    Info: Found entity 1: lpm_divide_i9m
Info: Timing-Driven Synthesis is running
Info: 4 registers lost all their fanouts during netlist optimizations. The first 4 are displayed below.
    Info: Register "debouncing:inst6|estado" lost all its fanouts during netlist optimizations.
    Info: Register "debouncing:inst4|estado" lost all its fanouts during netlist optimizations.
    Info: Register "debouncing:inst3|estado" lost all its fanouts during netlist optimizations.
    Info: Register "debouncing:inst2|estado" lost all its fanouts during netlist optimizations.
Info: Generated suppressed messages file C:/Users/mdo2/Desktop/RelogioDigital/RelogioDigital.map.smsg
Info: Implemented 1687 device resources after synthesis - the final resource count might be different
    Info: Implemented 9 input pins
    Info: Implemented 64 output pins
    Info: Implemented 1614 logic cells
Info: Quartus II Analysis & Synthesis was successful. 0 errors, 14 warnings
    Info: Peak virtual memory: 224 megabytes
    Info: Processing ended: Thu Jun 22 10:06:11 2017
    Info: Elapsed time: 00:00:05
    Info: Total CPU time (on all processors): 00:00:05


+------------------------------------------+
; Analysis & Synthesis Suppressed Messages ;
+------------------------------------------+
The suppressed messages can be found in C:/Users/mdo2/Desktop/RelogioDigital/RelogioDigital.map.smsg.


